# JRE version: Java(TM) SE Runtime Environment (21.0.1+12) (build 21.0.1+12-LTS-29)
# Java VM: Java HotSpot(TM) 64-Bit Server VM (21.0.1+12-LTS-29, mixed mode, sharing, tiered, compressed oops, compressed class ptrs, g1 gc, windows-amd64)
GC Precious Log:
 CardTable entry size: 512
 Card Set container configuration: InlinePtr #cards 5 size 8 Array Of Cards #cards 12 size 40 Howl #buckets 4 coarsen threshold 1843 Howl Bitmap #cards 512 size 80 coarsen threshold 460 Card regions per heap region 1 cards per card region 2048
 CPUs: 4 total, 4 available
 Memory: 8054M
 Large Page Support: Disabled
 NUMA Support: Disabled
 Compressed Oops: Enabled (32-bit)
 Heap Region Size: 1M
 Heap Min Capacity: 8M
 Heap Initial Capacity: 126M
 Heap Max Capacity: 2014M
 Pre-touch: Disabled
 Parallel Workers: 4
 Concurrent Workers: 1
 Concurrent Refinement Workers: 4
 Periodic GC: Disabled
Heap:
 garbage-first heap   total 129024K, used 40701K [0x0000000082200000, 0x0000000100000000)
  region size 1024K, 33 young (33792K), 1 survivors (1024K)
 Metaspace       used 8425K, committed 8640K, reserved 1114112K
  class space    used 923K, committed 1024K, reserved 1048576K
GC Heap History (12 events):
Event: 0.691 GC heap before
{Heap before GC invocations=0 (full 0):
 garbage-first heap   total 129024K, used 17408K [0x0000000082200000, 0x0000000100000000)
  region size 1024K, 13 young (13312K), 0 survivors (0K)
 Metaspace       used 6158K, committed 6336K, reserved 1114112K
  class space    used 669K, committed 768K, reserved 1048576K
}
Event: 0.696 GC heap after
{Heap after GC invocations=1 (full 0):
 garbage-first heap   total 129024K, used 6779K [0x0000000082200000, 0x0000000100000000)
  region size 1024K, 2 young (2048K), 2 survivors (2048K)
 Metaspace       used 6158K, committed 6336K, reserved 1114112K
  class space    used 669K, committed 768K, reserved 1048576K
}
Event: 0.762 GC heap before
{Heap before GC invocations=1 (full 0):
 garbage-first heap   total 129024K, used 25211K [0x0000000082200000, 0x0000000100000000)
  region size 1024K, 20 young (20480K), 2 survivors (2048K)
 Metaspace       used 6160K, committed 6336K, reserved 1114112K
  class space    used 669K, committed 768K, reserved 1048576K
}
Event: 0.765 GC heap after
{Heap after GC invocations=2 (full 0):
 garbage-first heap   total 129024K, used 7091K [0x0000000082200000, 0x0000000100000000)
  region size 1024K, 1 young (1024K), 1 survivors (1024K)
 Metaspace       used 6160K, committed 6336K, reserved 1114112K
  class space    used 669K, committed 768K, reserved 1048576K
}
Event: 1.043 GC heap before
{Heap before GC invocations=2 (full 0):
 garbage-first heap   total 129024K, used 82867K [0x0000000082200000, 0x0000000100000000)
  region size 1024K, 75 young (76800K), 1 survivors (1024K)
 Metaspace       used 6173K, committed 6336K, reserved 1114112K
  class space    used 669K, committed 768K, reserved 1048576K
}
Event: 1.044 GC heap after
{Heap after GC invocations=3 (full 0):
 garbage-first heap   total 129024K, used 6973K [0x0000000082200000, 0x0000000100000000)
  region size 1024K, 1 young (1024K), 1 survivors (1024K)
 Metaspace       used 6173K, committed 6336K, reserved 1114112K
  class space    used 669K, committed 768K, reserved 1048576K
}
Event: 1.294 GC heap before
{Heap before GC invocations=3 (full 0):
 garbage-first heap   total 129024K, used 82749K [0x0000000082200000, 0x0000000100000000)
  region size 1024K, 75 young (76800K), 1 survivors (1024K)
 Metaspace       used 6173K, committed 6336K, reserved 1114112K
  class space    used 669K, committed 768K, reserved 1048576K
}
Event: 1.295 GC heap after
{Heap after GC invocations=4 (full 0):
 garbage-first heap   total 129024K, used 6921K [0x0000000082200000, 0x0000000100000000)
  region size 1024K, 1 young (1024K), 1 survivors (1024K)
 Metaspace       used 6173K, committed 6336K, reserved 1114112K
  class space    used 669K, committed 768K, reserved 1048576K
}
Event: 1.504 GC heap before
{Heap before GC invocations=4 (full 0):
 garbage-first heap   total 129024K, used 82697K [0x0000000082200000, 0x0000000100000000)
  region size 1024K, 75 young (76800K), 1 survivors (1024K)
 Metaspace       used 6182K, committed 6336K, reserved 1114112K
  class space    used 670K, committed 768K, reserved 1048576K
}
Event: 1.504 GC heap after
{Heap after GC invocations=5 (full 0):
 garbage-first heap   total 129024K, used 6909K [0x0000000082200000, 0x0000000100000000)
  region size 1024K, 1 young (1024K), 1 survivors (1024K)
 Metaspace       used 6182K, committed 6336K, reserved 1114112K
  class space    used 670K, committed 768K, reserved 1048576K
}
Event: 1.687 GC heap before
{Heap before GC invocations=5 (full 0):
 garbage-first heap   total 129024K, used 82685K [0x0000000082200000, 0x0000000100000000)
  region size 1024K, 75 young (76800K), 1 survivors (1024K)
 Metaspace       used 6183K, committed 6336K, reserved 1114112K
  class space    used 670K, committed 768K, reserved 1048576K
}
Event: 1.687 GC heap after
{Heap after GC invocations=6 (full 0):
 garbage-first heap   total 129024K, used 6909K [0x0000000082200000, 0x0000000100000000)
  region size 1024K, 1 young (1024K), 1 survivors (1024K)
 Metaspace       used 6183K, committed 6336K, reserved 1114112K
  class space    used 670K, committed 768K, reserved 1048576K
}

